{"name": "test_signup[chrome-Hyundai-Hyundai Cars!]", "status": "failed", "statusDetails": {"message": "AssertionError: Cars Title are not matching\nassert 'Hyundai Cars' == 'Hyundai Cars!'\n  - Hyundai Cars!\n  ?             -\n  + Hyundai Cars", "trace": "self = <Testcases.test_carwale.Test_Carwale.TestSign object at 0x10823bf40>\ncard_brand = 'Hyundai', car_title = 'Hyundai Cars!'\n\n    @pytest.mark.parametrize(\"card_brand,car_title\",\n                             dataProvider.get_data(\"NewCarTest\"))\n    def test_signup(self, card_brand, car_title):\n        log.logger.info(\"*************Inside select card tests **********\")\n        home = HomePage(self.driver)\n        car = car_Base(self.driver)\n        if card_brand == 'BMW':\n            home.newCarPage().selectBmw()\n            title = car.get_car_title()\n            assert title == car_title, \"Cars Title are not matching\"\n            car.get_car_names_prices()\n        elif card_brand == 'Hyundai':\n            home.newCarPage().selectHyundai()\n            title = car.get_car_title()\n>           assert title == car_title, \"Cars Title are not matching\"\nE           AssertionError: Cars Title are not matching\nE           assert 'Hyundai Cars' == 'Hyundai Cars!'\nE             - Hyundai Cars!\nE             ?             -\nE             + Hyundai Cars\n\nTestcases/test_carwale.py:43: AssertionError"}, "attachments": [{"name": "log", "source": "a5e8d167-a2ef-402f-981f-1fb45542a492-attachment.txt", "type": "text/plain"}], "parameters": [{"name": "get_browser1", "value": "'chrome'"}, {"name": "card_brand", "value": "'Hyundai'"}, {"name": "car_title", "value": "'Hyundai Cars!'"}], "start": 1663651424444, "stop": 1663651429347, "uuid": "23fdd396-7488-46bd-9473-0de9596cbf41", "historyId": "a3c7bac9915e2642d54351e09553c6f3", "testCaseId": "360cd4257b44999f05e12bca64f69c2d", "fullName": "Testcases.test_carwale.Test_Carwale#test_signup", "labels": [{"name": "tag", "value": "@pytest.mark.usefixtures('log_on_failure', 'get_browser1')"}, {"name": "parentSuite", "value": "Testcases"}, {"name": "suite", "value": "test_carwale"}, {"name": "subSuite", "value": "Test_Carwale"}, {"name": "host", "value": "C02WQ0K1G8WN"}, {"name": "thread", "value": "12892-MainThread"}, {"name": "framework", "value": "pytest"}, {"name": "language", "value": "cpython3"}, {"name": "package", "value": "Testcases.test_carwale"}]}